Дата и время вызова функции: 2023-11-22 20:31:32
Имя функции: hello_world
Аргументы: (), {}
Результат вызова функции: Hello World

Дата и время вызова функции: 2023-11-22 20:31:32
Имя функции: summator
Аргументы: (2, 2), {}
Результат вызова функции: 4

Дата и время вызова функции: 2023-11-22 20:31:32
Имя функции: div
Аргументы: (6, 2), {}
Результат вызова функции: 3.0

Дата и время вызова функции: 2023-11-22 20:31:32
Имя функции: summator
Аргументы: (4.3,), {'b': 2.2}
Результат вызова функции: 6.5

Дата и время вызова функции: 2023-11-22 20:31:32
Имя функции: summator
Аргументы: (), {'a': 0, 'b': 0}
Результат вызова функции: 0

Дата и время вызова функции: 2023-11-22 20:31:32
Имя функции: flat_generator
Аргументы: ([[1, 2], [3, 4]],), {}
Результат вызова функции: <generator object flat_generator at 0x000001F325BFD7E0>

